<?xml version="1.0" encoding="UTF-8"?>
<!-- Generated by org.testng.reporters.JUnitReportReporter -->
<testsuite skipped="0" hostname="LAPTOP-G87SNGCF" name="com.testyantra.typroject.Tests.Test_01" tests="1" failures="0" timestamp="28 Feb 2020 11:46:29 GMT" time="6.910" errors="0">
  <testcase name="test" time="6.910" classname="com.testyantra.typroject.Tests.Test_01"/>
</testsuite> <!-- com.testyantra.typroject.Tests.Test_01 -->
